2024-01-11T11:44:13.003320Z  INFO src/inputwrapper.rs:87: Suggestion: Some("say")    
2024-01-11T11:44:13.134077Z  INFO src/inputwrapper.rs:87: Suggestion: Some("sv_allow_votes")    
2024-01-11T11:44:13.142801Z  INFO src/components/home.rs:153: Suggestion: _allow_votes    
2024-01-11T11:44:13.396090Z  INFO src/components/home.rs:153: Suggestion: _allow_votes    
2024-01-11T11:44:13.645964Z  INFO src/components/home.rs:153: Suggestion: _allow_votes    
2024-01-11T11:44:13.894231Z  INFO src/components/home.rs:153: Suggestion: _allow_votes    
2024-01-11T11:44:14.145316Z  INFO src/components/home.rs:153: Suggestion: _allow_votes    
2024-01-11T11:44:14.393359Z  INFO src/components/home.rs:153: Suggestion: _allow_votes    
2024-01-11T11:44:14.566155Z  INFO src/inputwrapper.rs:87: Suggestion: Some("sv_allow_votes")    
2024-01-11T11:44:14.642571Z  INFO src/components/home.rs:153: Suggestion: allow_votes    
2024-01-11T11:44:14.894348Z  INFO src/components/home.rs:153: Suggestion: allow_votes    
2024-01-11T11:44:15.143863Z  INFO src/components/home.rs:153: Suggestion: allow_votes    
2024-01-11T11:44:15.395996Z  INFO src/components/home.rs:153: Suggestion: allow_votes    
2024-01-11T11:44:15.570542Z  INFO src/inputwrapper.rs:87: Suggestion: Some("sv_allow_votes")    
2024-01-11T11:44:15.644434Z  INFO src/components/home.rs:153: Suggestion: llow_votes    
2024-01-11T11:44:15.893092Z  INFO src/components/home.rs:153: Suggestion: llow_votes    
2024-01-11T11:44:16.144316Z  INFO src/components/home.rs:153: Suggestion: llow_votes    
2024-01-11T11:44:16.394726Z  INFO src/components/home.rs:153: Suggestion: llow_votes    
2024-01-11T11:44:16.644375Z  INFO src/components/home.rs:153: Suggestion: llow_votes    
2024-01-11T11:44:16.790902Z  INFO src/inputwrapper.rs:87: Suggestion: Some("sv_allow_votes")    
2024-01-11T11:44:16.894090Z  INFO src/components/home.rs:153: Suggestion: low_votes    
2024-01-11T11:44:16.936816Z  INFO src/inputwrapper.rs:87: Suggestion: Some("sv_allow_votes")    
2024-01-11T11:44:17.144497Z  INFO src/components/home.rs:153: Suggestion: ow_votes    
2024-01-11T11:44:17.395012Z  INFO src/components/home.rs:153: Suggestion: ow_votes    
2024-01-11T11:44:17.644620Z  INFO src/components/home.rs:153: Suggestion: ow_votes    
2024-01-11T11:44:17.894978Z  INFO src/components/home.rs:153: Suggestion: ow_votes    
2024-01-11T11:44:18.143745Z  INFO src/components/home.rs:153: Suggestion: ow_votes    
2024-01-11T11:44:18.394752Z  INFO src/components/home.rs:153: Suggestion: ow_votes    
2024-01-11T11:44:18.641885Z  INFO src/components/home.rs:153: Suggestion: ow_votes    
2024-01-11T11:44:18.894503Z  INFO src/components/home.rs:153: Suggestion: ow_votes    
2024-01-11T11:44:19.143472Z  INFO src/components/home.rs:153: Suggestion: ow_votes    
2024-01-11T11:44:19.395594Z  INFO src/components/home.rs:153: Suggestion: ow_votes    
2024-01-11T11:44:19.644470Z  INFO src/components/home.rs:153: Suggestion: ow_votes    
2024-01-11T11:44:19.893860Z  INFO src/components/home.rs:153: Suggestion: ow_votes    
2024-01-11T11:44:20.144577Z  INFO src/components/home.rs:153: Suggestion: ow_votes    
2024-01-11T11:44:20.394741Z  INFO src/components/home.rs:153: Suggestion: ow_votes    
2024-01-11T11:44:20.644092Z  INFO src/components/home.rs:153: Suggestion: ow_votes    
2024-01-11T11:44:20.894314Z  INFO src/components/home.rs:153: Suggestion: ow_votes    
2024-01-11T11:44:21.142548Z  INFO src/components/home.rs:153: Suggestion: ow_votes    
2024-01-11T11:44:21.396266Z  INFO src/components/home.rs:153: Suggestion: ow_votes    
2024-01-11T11:44:21.644002Z  INFO src/components/home.rs:153: Suggestion: ow_votes    
2024-01-11T11:44:21.895446Z  INFO src/components/home.rs:153: Suggestion: ow_votes    
2024-01-11T11:44:22.144643Z  INFO src/components/home.rs:153: Suggestion: ow_votes    
2024-01-11T11:44:22.394871Z  INFO src/components/home.rs:153: Suggestion: ow_votes    
2024-01-11T11:44:22.644251Z  INFO src/components/home.rs:153: Suggestion: ow_votes    
2024-01-11T11:44:22.894902Z  INFO src/components/home.rs:153: Suggestion: ow_votes    
2024-01-11T11:44:23.144010Z  INFO src/components/home.rs:153: Suggestion: ow_votes    
2024-01-11T11:44:23.394369Z  INFO src/components/home.rs:153: Suggestion: ow_votes    
2024-01-11T11:44:23.645051Z  INFO src/components/home.rs:153: Suggestion: ow_votes    
2024-01-11T11:44:23.702167Z  INFO src/components/home.rs:260: Sending action: Command("sv_all")    
2024-01-11T11:44:23.702247Z  INFO src/client.rs:159: Running command: sv_all    
2024-01-11T11:44:23.702275Z ERROR src/client.rs:176: Error: No address specified    
2024-01-11T11:44:23.702290Z  INFO src/client.rs:183: Sending action: Error("No address specified")    
2024-01-11T11:44:27.830429Z  INFO src/inputwrapper.rs:87: Suggestion: Some("sv_allow_votes")    
2024-01-11T11:44:27.895017Z  INFO src/components/home.rs:153: Suggestion: w_votes    
2024-01-11T11:44:28.144410Z  INFO src/components/home.rs:153: Suggestion: w_votes    
2024-01-11T11:44:28.396401Z  INFO src/components/home.rs:153: Suggestion: w_votes    
2024-01-11T11:44:28.645043Z  INFO src/components/home.rs:153: Suggestion: w_votes    
2024-01-11T11:44:28.895078Z  INFO src/components/home.rs:153: Suggestion: w_votes    
2024-01-11T11:44:28.962790Z  INFO src/inputwrapper.rs:87: Suggestion: Some("sv_allow_votes")    
2024-01-11T11:44:29.106645Z  INFO src/inputwrapper.rs:87: Suggestion: Some("sv_allow_votes")    
2024-01-11T11:44:29.145677Z  INFO src/components/home.rs:153: Suggestion: low_votes    
2024-01-11T11:44:29.248832Z  INFO src/inputwrapper.rs:87: Suggestion: Some("sv_allow_votes")    
2024-01-11T11:44:29.372041Z  INFO src/inputwrapper.rs:87: Suggestion: Some("sv_allow_votes")    
2024-01-11T11:44:29.394429Z  INFO src/components/home.rs:153: Suggestion: allow_votes    
2024-01-11T11:44:29.491913Z  INFO src/inputwrapper.rs:87: Suggestion: Some("sv_allow_votes")    
2024-01-11T11:44:29.629186Z  INFO src/inputwrapper.rs:87: Suggestion: Some("say")    
2024-01-11T11:44:29.644054Z  INFO src/components/home.rs:153: Suggestion: ay    
